0 info it worked if it ends with ok
1 verbose cli [ 'c:\\Program Files\\nodejs\\node.exe',
1 verbose cli   'c:\\Program Files\\nodejs\\node_modules\\npm\\bin\\npm-cli.js',
1 verbose cli   'i',
1 verbose cli   'webpack',
1 verbose cli   '-g' ]
2 info using npm@3.10.10
3 info using node@v7.3.0
4 silly loadCurrentTree Starting
5 silly install loadCurrentTree
6 silly install readGlobalPackageData
7 silly fetchPackageMetaData webpack
8 silly fetchNamedPackageData webpack
9 silly mapToRegistry name webpack
10 silly mapToRegistry using default registry
11 silly mapToRegistry registry https://registry.npm.taobao.org/
12 silly mapToRegistry data Result {
12 silly mapToRegistry   raw: 'webpack',
12 silly mapToRegistry   scope: null,
12 silly mapToRegistry   escapedName: 'webpack',
12 silly mapToRegistry   name: 'webpack',
12 silly mapToRegistry   rawSpec: '',
12 silly mapToRegistry   spec: 'latest',
12 silly mapToRegistry   type: 'tag' }
13 silly mapToRegistry uri https://registry.npm.taobao.org/webpack
14 verbose request uri https://registry.npm.taobao.org/webpack
15 verbose request no auth needed
16 info attempt registry request try #1 at 21:53:38
17 verbose request id 96436f315d12c3aa
18 http request GET https://registry.npm.taobao.org/webpack
19 verbose stack Error: kill ENOSYS
19 verbose stack     at exports._errnoException (util.js:1022:11)
19 verbose stack     at process.kill (internal/process.js:173:13)
19 verbose stack     at process.listener (c:\Program Files\nodejs\node_modules\npm\node_modules\npmlog\node_modules\gauge\node_modules\signal-exit\index.js:86:15)
19 verbose stack     at emitNone (events.js:91:20)
19 verbose stack     at process.emit (events.js:185:7)
19 verbose stack     at processEmit (c:\Program Files\nodejs\node_modules\npm\node_modules\npmlog\node_modules\gauge\node_modules\signal-exit\index.js:146:32)
19 verbose stack     at processEmit (c:\Program Files\nodejs\node_modules\npm\node_modules\npm-registry-client\node_modules\npmlog\node_modules\gauge\node_modules\signal-exit\index.js:146:32)
19 verbose stack     at Signal.wrap.onsignal (internal/process.js:200:44)
20 verbose cwd f:\WorkSpace\nodejs\lagou
21 error Windows_NT 6.1.7601
22 error argv "c:\\Program Files\\nodejs\\node.exe" "c:\\Program Files\\nodejs\\node_modules\\npm\\bin\\npm-cli.js" "i" "webpack" "-g"
23 error node v7.3.0
24 error npm  v3.10.10
25 error code ENOSYS
26 error errno ENOSYS
27 error syscall kill
28 error kill ENOSYS
29 error If you need help, you may report this error at:
29 error     <https://github.com/npm/npm/issues>
30 verbose exit [ 1, true ]
